Restoring parameters from model/model.ckpt
Restoring parameters from model/model.ckpt
Restoring parameters from model/model.ckpt
Restoring parameters from model/model.ckpt
Restoring parameters from model/model.ckpt-55
Restoring parameters from model/model.ckpt-55
Restoring parameters from model/model.ckpt-55
Restoring parameters from model/model.ckpt-55
Restoring parameters from model/model.ckpt-55
Restoring parameters from model/model.ckpt-55
Restoring parameters from model/model.ckpt-55
Restoring parameters from model/model.ckpt-55
Restoring parameters from model/model.ckpt-55
Restoring parameters from model/model.ckpt-55
Restoring parameters from model/model.ckpt-55
Restoring parameters from model/model.ckpt-55
Restoring parameters from model/model.ckpt-55
Restoring parameters from model/model.ckpt-55
Restoring parameters from model/model.ckpt
Restoring parameters from model/model.ckpt
Restoring parameters from model/model.ckpt
Restoring parameters from model/model.ckpt
Restoring parameters from model/model.ckpt
Restoring parameters from model/model.ckpt
Restoring parameters from model/model.ckpt
Restoring parameters from model/model.ckpt
Restoring parameters from model/model.ckpt
Restoring parameters from model/model.ckpt
Restoring parameters from model/model.ckpt
Restoring parameters from model/model.ckpt
findfont: Matching :family=sans-serif:style=normal:variant=normal:weight=normal:stretch=normal:size=10.0 to DejaVu Sans (u'/home/iecas7/Tools/Anaconda/Enter/envs/tensorflow/lib/python2.7/site-packages/matplotlib/mpl-data/fonts/ttf/DejaVuSans.ttf') with score of 0.050000
Restoring parameters from model/model.ckpt
Restoring parameters from model/model.ckpt
findfont: Matching :family=sans-serif:style=normal:variant=normal:weight=normal:stretch=normal:size=10.0 to DejaVu Sans (u'/home/iecas7/Tools/Anaconda/Enter/envs/tensorflow/lib/python2.7/site-packages/matplotlib/mpl-data/fonts/ttf/DejaVuSans.ttf') with score of 0.050000
Restoring parameters from model/model.ckpt
Restoring parameters from model/model.ckpt
Could not load matplotlib icon: can't use "pyimage10" as iconphoto: not a photo image
findfont: Matching :family=sans-serif:style=normal:variant=normal:weight=normal:stretch=normal:size=10.0 to DejaVu Sans (u'/home/iecas7/Tools/Anaconda/Enter/envs/tensorflow/lib/python2.7/site-packages/matplotlib/mpl-data/fonts/ttf/DejaVuSans.ttf') with score of 0.050000
Restoring parameters from model/model.ckpt
Restoring parameters from model/model.ckpt
Restoring parameters from model/model.ckpt
Restoring parameters from model/model.ckpt
findfont: Matching :family=sans-serif:style=normal:variant=normal:weight=normal:stretch=normal:size=10.0 to DejaVu Sans (u'/home/iecas7/Tools/Anaconda/Enter/envs/tensorflow/lib/python2.7/site-packages/matplotlib/mpl-data/fonts/ttf/DejaVuSans.ttf') with score of 0.050000
Restoring parameters from model/model.ckpt
findfont: Matching :family=sans-serif:style=normal:variant=normal:weight=normal:stretch=normal:size=10.0 to DejaVu Sans (u'/home/iecas7/Tools/Anaconda/Enter/envs/tensorflow/lib/python2.7/site-packages/matplotlib/mpl-data/fonts/ttf/DejaVuSans.ttf') with score of 0.050000
Restoring parameters from model/model.ckpt
findfont: Matching :family=sans-serif:style=normal:variant=normal:weight=normal:stretch=normal:size=10.0 to DejaVu Sans (u'/home/iecas7/Tools/Anaconda/Enter/envs/tensorflow/lib/python2.7/site-packages/matplotlib/mpl-data/fonts/ttf/DejaVuSans.ttf') with score of 0.050000
Restoring parameters from model/model.ckpt
findfont: Matching :family=sans-serif:style=normal:variant=normal:weight=normal:stretch=normal:size=10.0 to DejaVu Sans (u'/home/iecas7/Tools/Anaconda/Enter/envs/tensorflow/lib/python2.7/site-packages/matplotlib/mpl-data/fonts/ttf/DejaVuSans.ttf') with score of 0.050000
Restoring parameters from model/model.ckpt
Restoring parameters from model/model.ckpt
Restoring parameters from model/model-0.ckpt
Restoring parameters from model/model-0.ckpt
Restoring parameters from model/model-0.ckpt
Restoring parameters from model/model-0.ckpt
Restoring parameters from model/model-0.ckpt
Restoring parameters from model/model-0.ckpt
Restoring parameters from model/model-0.ckpt
Restoring parameters from model/model-0.ckpt
Restoring parameters from model/model.ckpt
Restoring parameters from model/model=0.ckpt
Restoring parameters from model/model-0.ckpt
Restoring parameters from model/model.ckpt-0
Restoring parameters from model/model.ckpt-0
Restoring parameters from model/model.ckpt
